2025-10-20 16:27:34 INFO  添加模块：工位1相机.条件检测1
2025-10-20 16:27:34 INFO  增加连线：工位1相机.格式化1,工位1相机.条件检测1
2025-10-20 16:27:34 INFO  增加连线：工位1相机.条件检测1,工位1相机.输出图像1
2025-10-20 16:28:42 INFO  添加模块：工位1相机.条件检测2
2025-10-20 16:28:42 INFO  增加连线：工位1相机.条件检测1,工位1相机.条件检测2
2025-10-20 16:28:42 INFO  增加连线：工位1相机.条件检测2,工位1相机.输出图像1
2025-10-20 16:28:53 INFO  模块重命名：条件检测1 修改为 特征点状态
2025-10-20 16:29:15 INFO  模块重命名：条件检测2 修改为 偏差防呆
2025-10-20 16:29:50 INFO  添加模块：工位1相机.条件检测1
2025-10-20 16:29:50 INFO  增加连线：工位1相机.偏差防呆,工位1相机.条件检测1
2025-10-20 16:29:50 INFO  增加连线：工位1相机.条件检测1,工位1相机.输出图像1
2025-10-20 16:30:03 INFO  模块重命名：条件检测1 修改为 总状态
2025-10-20 16:32:07 INFO  模块重命名：输出图像1 修改为 原图1OK
2025-10-20 16:32:18 INFO  模块重命名：输出图像2 修改为 原图1NG
2025-10-20 16:32:24 INFO  模块重命名：输出图像3 修改为 渲染图
2025-10-20 16:32:54 INFO  模块重命名：图像源1 修改为 基准图
2025-10-20 16:33:00 INFO  模块重命名：图像源2 修改为 运行图
2025-10-21 18:29:59 INFO  添加模块：工位1相机.位置2.条件检测1
2025-10-21 18:29:59 INFO  增加连线：工位1相机.位置2.格式化1,工位1相机.位置2.条件检测1
2025-10-21 18:29:59 INFO  增加连线：工位1相机.位置2.条件检测1,工位1相机.位置2.输出图像1
2025-10-21 18:30:03 INFO  添加模块：工位1相机.位置2.条件检测2
2025-10-21 18:30:03 INFO  增加连线：工位1相机.位置2.条件检测1,工位1相机.位置2.条件检测2
2025-10-21 18:30:03 INFO  增加连线：工位1相机.位置2.条件检测2,工位1相机.位置2.输出图像1
2025-10-21 18:30:05 INFO  添加模块：工位1相机.位置2.数据分类1
2025-10-21 18:30:07 INFO  删除模块：工位1相机.位置2.数据分类1
2025-10-21 18:30:11 INFO  添加模块：工位1相机.位置2.条件检测3
2025-10-21 18:30:11 INFO  增加连线：工位1相机.位置2.条件检测2,工位1相机.位置2.条件检测3
2025-10-21 18:30:11 INFO  增加连线：工位1相机.位置2.条件检测3,工位1相机.位置2.输出图像1
2025-10-21 18:30:39 INFO  模块重命名：条件检测1 修改为 偏差管控
2025-10-21 18:30:44 INFO  模块重命名：条件检测2 修改为 特征
2025-10-21 18:30:55 INFO  模块重命名：条件检测3 修改为 总状态
2025-10-21 18:38:26 INFO  添加模块：工位1相机.位置3.条件检测1
2025-10-21 18:38:26 INFO  增加连线：工位1相机.位置3.变量计算1,工位1相机.位置3.条件检测1
2025-10-21 18:38:26 INFO  增加连线：工位1相机.位置3.条件检测1,工位1相机.位置3.格式化1
2025-10-21 18:38:31 INFO  添加模块：工位1相机.位置3.条件检测2
2025-10-21 18:38:31 INFO  增加连线：工位1相机.位置3.条件检测1,工位1相机.位置3.条件检测2
2025-10-21 18:38:31 INFO  增加连线：工位1相机.位置3.条件检测2,工位1相机.位置3.格式化1
2025-10-21 18:38:35 INFO  添加模块：工位1相机.位置3.条件检测3
2025-10-21 18:38:35 INFO  增加连线：工位1相机.位置3.条件检测2,工位1相机.位置3.条件检测3
2025-10-21 18:38:35 INFO  增加连线：工位1相机.位置3.条件检测3,工位1相机.位置3.格式化1
2025-10-21 18:38:49 INFO  模块重命名：条件检测1 修改为 偏差
2025-10-21 18:38:56 INFO  模块重命名：条件检测2 修改为 特征
2025-10-21 18:39:01 INFO  模块重命名：条件检测3 修改为 总
2025-10-21 18:51:48 INFO  添加模块：工位1相机.变量计算1
2025-10-21 19:36:00 INFO  添加模块：工位1相机.位置2.条件检测1
2025-10-21 19:36:00 INFO  增加连线：工位1相机.位置2.变量计算1,工位1相机.位置2.条件检测1
2025-10-21 19:36:00 INFO  增加连线：工位1相机.位置2.条件检测1,工位1相机.位置2.格式化1
2025-10-21 19:36:05 INFO  添加模块：工位1相机.位置2.条件检测2
2025-10-21 19:36:05 INFO  增加连线：工位1相机.位置2.条件检测1,工位1相机.位置2.条件检测2
2025-10-21 19:36:05 INFO  增加连线：工位1相机.位置2.条件检测2,工位1相机.位置2.格式化1
2025-10-21 19:36:16 INFO  添加模块：工位1相机.位置2.条件检测3
2025-10-21 19:36:16 INFO  增加连线：工位1相机.位置2.条件检测2,工位1相机.位置2.条件检测3
2025-10-21 19:36:16 INFO  增加连线：工位1相机.位置2.条件检测3,工位1相机.位置2.格式化1
2025-10-21 19:44:18 INFO  添加模块：工位1相机.位置1.发送数据1
2025-10-21 19:44:34 INFO  增加连线：工位1相机.位置1.变量计算1,工位1相机.位置1.发送数据1
2025-10-21 19:45:21 INFO  粘贴
2025-10-21 19:45:24 INFO  增加连线：工位1相机.位置2.条件检测1,工位1相机.位置2.发送数据1
2025-10-21 19:45:43 INFO  粘贴
2025-10-21 19:45:45 INFO  增加连线：工位1相机.位置3.变量计算1,工位1相机.位置3.发送数据1
2025-10-21 19:46:22 INFO  粘贴
2025-10-21 19:46:24 INFO  增加连线：工位1相机.位置4.变量计算1,工位1相机.位置4.发送数据1
2025-10-21 19:48:02 INFO  添加模块：工位1相机.变量计算1
2025-10-21 20:07:25 INFO  模块重命名：工位2相机 修改为 工位2相机-11
2025-10-21 20:07:32 INFO  模块重命名：工位2相机-2 修改为 工位2相机
2025-10-21 20:14:37 INFO  添加模块：工位2相机.条件检测2
2025-10-21 20:14:37 INFO  增加连线：工位2相机.总数据,工位2相机.条件检测2
2025-10-21 20:14:37 INFO  增加连线：工位2相机.条件检测2,工位2相机.条件分支2
2025-10-21 20:43:21 INFO  模块重命名：工位2相机-11 修改为 工位2yuan
2025-10-22 09:20:03 INFO  添加模块：工位2相机.料号1.变量计算1
2025-10-22 09:20:03 INFO  增加连线：工位2相机.料号1.总--偏差,工位2相机.料号1.变量计算1
2025-10-22 09:20:03 INFO  增加连线：工位2相机.料号1.变量计算1,工位2相机.料号1.实际偏差
2025-10-22 09:21:22 INFO  添加模块：工位2相机.料号1.变量计算2
2025-10-22 09:21:24 INFO  删除模块：工位2相机.料号1.变量计算2
2025-10-22 09:23:49 INFO  添加模块：工位2相机.料号2.变量计算9
2025-10-22 09:23:49 INFO  增加连线：工位2相机.料号2.变量计算4,工位2相机.料号2.变量计算9
2025-10-22 09:23:49 INFO  增加连线：工位2相机.料号2.变量计算9,工位2相机.料号2.发送数据3
2025-10-22 09:26:36 INFO  添加模块：工位2相机.料号3.变量计算9
2025-10-22 09:26:36 INFO  增加连线：工位2相机.料号3.变量计算4,工位2相机.料号3.变量计算9
2025-10-22 09:26:36 INFO  增加连线：工位2相机.料号3.变量计算9,工位2相机.料号3.发送数据3
2025-10-22 10:00:02 INFO  添加模块：工位3相机.料号1.变量计算1
2025-10-22 10:00:02 INFO  增加连线：工位3相机.料号1.总--偏差,工位3相机.料号1.变量计算1
2025-10-22 10:00:02 INFO  增加连线：工位3相机.料号1.变量计算1,工位3相机.料号1.实际偏差
2025-10-22 10:03:54 INFO  添加模块：工位3相机.料号2.变量计算9
2025-10-22 10:03:54 INFO  增加连线：工位3相机.料号2.变量计算4,工位3相机.料号2.变量计算9
2025-10-22 10:03:54 INFO  增加连线：工位3相机.料号2.变量计算9,工位3相机.料号2.发送数据3
2025-10-22 10:05:19 INFO  添加模块：工位3相机.料号3.变量计算9
2025-10-22 10:05:19 INFO  增加连线：工位3相机.料号3.变量计算4,工位3相机.料号3.变量计算9
2025-10-22 10:05:19 INFO  增加连线：工位3相机.料号3.变量计算9,工位3相机.料号3.发送数据3
2025-10-22 10:07:55 INFO  添加模块：工位3相机.条件检测2
2025-10-22 10:07:55 INFO  增加连线：工位3相机.总数据,工位3相机.条件检测2
2025-10-22 10:07:55 INFO  增加连线：工位3相机.条件检测2,工位3相机.条件分支2
2025-10-22 19:00:18 INFO  添加模块：工位1相机.位置1.条件检测1
2025-10-22 19:00:18 INFO  增加连线：工位1相机.位置1.总状态,工位1相机.位置1.条件检测1
2025-10-22 19:00:18 INFO  增加连线：工位1相机.位置1.条件检测1,工位1相机.位置1.格式化1
2025-10-22 19:00:29 INFO  模块重命名：条件检测1 修改为 总状态结果
2025-10-22 19:05:50 INFO  模块重命名：输出图像1 修改为 原图OK
2025-10-22 19:05:58 INFO  模块重命名：输出图像2 修改为 原图NG
2025-10-22 19:06:06 INFO  模块重命名：输出图像3 修改为 渲染图
2025-10-22 19:06:37 INFO  模块重命名：条件检测1 修改为 偏差
2025-10-22 19:06:47 INFO  模块重命名：条件检测2 修改为 特征点
2025-10-22 19:07:13 INFO  模块重命名：条件检测3 修改为 总状态
2025-10-22 19:07:23 INFO  添加模块：工位1相机.位置2.条件检测1
2025-10-22 19:07:23 INFO  增加连线：工位1相机.位置2.总状态,工位1相机.位置2.条件检测1
2025-10-22 19:07:23 INFO  增加连线：工位1相机.位置2.条件检测1,工位1相机.位置2.格式化1
2025-10-22 19:07:33 INFO  模块重命名：条件检测1 修改为 总状态结果
2025-10-22 19:32:00 INFO  添加模块：工位1相机.位置3.条件检测1
2025-10-22 19:32:00 INFO  增加连线：工位1相机.位置3.格式化1,工位1相机.位置3.条件检测1
2025-10-22 19:32:00 INFO  增加连线：工位1相机.位置3.条件检测1,工位1相机.位置3.输出图像1
2025-10-22 19:32:04 INFO  添加模块：工位1相机.位置3.条件检测2
2025-10-22 19:32:04 INFO  增加连线：工位1相机.位置3.条件检测1,工位1相机.位置3.条件检测2
2025-10-22 19:32:04 INFO  增加连线：工位1相机.位置3.条件检测2,工位1相机.位置3.输出图像1
2025-10-22 19:32:10 INFO  添加模块：工位1相机.位置3.条件检测3
2025-10-22 19:32:10 INFO  增加连线：工位1相机.位置3.条件检测2,工位1相机.位置3.条件检测3
2025-10-22 19:32:10 INFO  增加连线：工位1相机.位置3.条件检测3,工位1相机.位置3.输出图像1
2025-10-22 19:32:26 INFO  添加模块：工位1相机.位置3.条件检测4
2025-10-22 19:32:26 INFO  增加连线：工位1相机.位置3.条件检测3,工位1相机.位置3.条件检测4
2025-10-22 19:32:26 INFO  增加连线：工位1相机.位置3.条件检测4,工位1相机.位置3.输出图像1
2025-10-22 19:34:17 INFO  模块重命名：条件检测1 修改为 偏差
2025-10-22 19:35:12 INFO  模块重命名：条件检测2 修改为 特征点
2025-10-22 19:35:22 INFO  模块重命名：条件检测3 修改为 总状态
2025-10-22 19:35:31 INFO  模块重命名：条件检测4 修改为 总状态结果
2025-10-22 19:38:36 INFO  模块重命名：输出图像1 修改为 原图OK
2025-10-22 19:38:44 INFO  模块重命名：输出图像2 修改为 原图NG
2025-10-22 19:39:05 INFO  模块重命名：输出图像3 修改为 渲染图
2025-10-22 20:02:34 INFO  添加模块：工位1相机.位置4.条件检测1
2025-10-22 20:02:34 INFO  增加连线：工位1相机.位置4.格式化1,工位1相机.位置4.条件检测1
2025-10-22 20:02:34 INFO  增加连线：工位1相机.位置4.条件检测1,工位1相机.位置4.输出图像1
2025-10-22 20:02:39 INFO  添加模块：工位1相机.位置4.条件检测2
2025-10-22 20:02:39 INFO  增加连线：工位1相机.位置4.条件检测1,工位1相机.位置4.条件检测2
2025-10-22 20:02:39 INFO  增加连线：工位1相机.位置4.条件检测2,工位1相机.位置4.输出图像1
2025-10-22 20:02:43 INFO  添加模块：工位1相机.位置4.条件检测3
2025-10-22 20:02:43 INFO  增加连线：工位1相机.位置4.条件检测2,工位1相机.位置4.条件检测3
2025-10-22 20:02:43 INFO  增加连线：工位1相机.位置4.条件检测3,工位1相机.位置4.输出图像1
2025-10-22 20:03:02 INFO  模块重命名：条件检测1 修改为 偏差
2025-10-22 20:03:11 INFO  模块重命名：条件检测2 修改为 特征点
2025-10-22 20:03:19 INFO  模块重命名：条件检测3 修改为 总状态
2025-10-22 20:03:27 INFO  添加模块：工位1相机.位置4.条件检测1
2025-10-22 20:03:27 INFO  增加连线：工位1相机.位置4.总状态,工位1相机.位置4.条件检测1
2025-10-22 20:03:27 INFO  增加连线：工位1相机.位置4.条件检测1,工位1相机.位置4.输出图像1
2025-10-22 20:03:35 INFO  模块重命名：条件检测1 修改为 总状态结果
2025-10-22 20:07:22 INFO  模块重命名：输出图像1 修改为 OK
2025-10-22 20:07:26 INFO  模块重命名：输出图像2 修改为 NG
2025-10-22 20:07:36 INFO  模块重命名：输出图像3 修改为 渲染图
2025-10-22 20:27:10 INFO  添加模块：工位1相机.组合模块1
2025-10-22 20:27:24 INFO  增加连线：工位1相机.条件分支2,工位1相机.组合模块1
2025-10-22 20:27:30 INFO  模块重命名：组合模块1 修改为 校准
2025-10-22 20:27:45 INFO  粘贴
2025-10-22 20:28:32 INFO  添加模块：工位1相机.校准.条件检测1
2025-10-22 20:28:32 INFO  增加连线：工位1相机.校准.格式化1,工位1相机.校准.条件检测1
2025-10-22 20:28:32 INFO  增加连线：工位1相机.校准.条件检测1,工位1相机.校准.输出图像1
2025-10-22 20:28:35 INFO  添加模块：工位1相机.校准.条件检测2
2025-10-22 20:28:35 INFO  增加连线：工位1相机.校准.条件检测1,工位1相机.校准.条件检测2
2025-10-22 20:28:35 INFO  增加连线：工位1相机.校准.条件检测2,工位1相机.校准.输出图像1
2025-10-22 20:28:40 INFO  添加模块：工位1相机.校准.条件检测3
2025-10-22 20:28:40 INFO  增加连线：工位1相机.校准.条件检测2,工位1相机.校准.条件检测3
2025-10-22 20:28:40 INFO  增加连线：工位1相机.校准.条件检测3,工位1相机.校准.输出图像1
2025-10-22 20:28:44 INFO  添加模块：工位1相机.校准.条件检测4
2025-10-22 20:28:44 INFO  增加连线：工位1相机.校准.条件检测3,工位1相机.校准.条件检测4
2025-10-22 20:28:44 INFO  增加连线：工位1相机.校准.条件检测4,工位1相机.校准.输出图像1
2025-10-22 20:29:08 INFO  模块重命名：输出图像1 修改为 OK
2025-10-22 20:29:13 INFO  模块重命名：输出图像2 修改为 NG
2025-10-22 20:29:20 INFO  模块重命名：输出图像3 修改为 渲染图
2025-10-22 20:29:34 INFO  模块重命名：图像源2 修改为 基准图
2025-10-22 20:29:43 INFO  模块重命名：图像源1 修改为 运行图
2025-10-22 20:48:38 INFO  模块重命名：条件检测1 修改为 偏差
2025-10-22 20:50:04 INFO  模块重命名：条件检测2 修改为 特征点
2025-10-22 20:50:13 INFO  模块重命名：条件检测3 修改为 总状态
2025-10-22 20:50:22 INFO  模块重命名：条件检测4 修改为 总状态结果
2025-10-22 20:57:40 INFO  增加连线：工位1相机.校准,工位1相机.脚本3
2025-10-23 09:23:38 INFO  删除多个模块：工位1相机.位置修正9，工位1相机.圆查找9，工位1相机.图像源1，工位1相机.图像组合9，工位1相机.快速匹配9，工位1相机.标定转换9，工位1相机.位置修正10，工位1相机.圆查找10，工位1相机.图像源2，工位1相机.图像组合10，工位1相机.快速匹配10，工位1相机.标定转换10，工位1相机.变量计算5，工位1相机.格式化5，工位1相机.输出图像13，工位1相机.输出图像14，工位1相机.输出图像15
2025-10-23 09:23:38 INFO  增加连线：工位1相机.快速匹配9,工位1相机.圆查找9
2025-10-23 09:23:38 INFO  增加连线：工位1相机.快速匹配9,工位1相机.标定转换9
2025-10-23 09:23:38 INFO  增加连线：工位1相机.条件分支2,工位1相机.图像组合9
2025-10-23 09:23:39 INFO  增加连线：工位1相机.条件分支2,工位1相机.快速匹配9
2025-10-23 09:23:39 INFO  增加连线：工位1相机.条件分支2,工位1相机.标定转换9
2025-10-23 09:23:39 INFO  增加连线：工位1相机.条件分支2,工位1相机.变量计算5
2025-10-23 09:23:39 INFO  增加连线：工位1相机.快速匹配10,工位1相机.圆查找10
2025-10-23 09:23:39 INFO  增加连线：工位1相机.快速匹配10,工位1相机.标定转换10
2025-10-23 09:23:39 INFO  增加连线：工位1相机.条件分支2,工位1相机.图像组合10
2025-10-23 09:23:39 INFO  增加连线：工位1相机.条件分支2,工位1相机.快速匹配10
2025-10-23 09:23:39 INFO  增加连线：工位1相机.条件分支2,工位1相机.标定转换10
2025-10-23 09:23:39 INFO  增加连线：工位1相机.条件分支2,工位1相机.变量计算5
2025-10-23 09:23:39 INFO  增加连线：工位1相机.条件分支2,工位1相机.格式化5
2025-10-23 09:23:39 INFO  增加连线：工位1相机.条件分支2,工位1相机.输出图像13
2025-10-23 09:23:39 INFO  增加连线：工位1相机.条件分支2,工位1相机.输出图像14
2025-10-23 09:23:39 INFO  增加连线：工位1相机.条件分支2,工位1相机.输出图像15
2025-10-23 10:03:26 INFO  粘贴
2025-10-23 10:03:29 INFO  模块启用：工位2相机.料号1.发送数据1
2025-10-23 10:03:48 INFO  增加连线：工位2相机.料号1.距离验证,工位2相机.料号1.发送数据1
2025-10-23 10:03:56 INFO  删除模块：工位2相机.料号1.发送数据1
2025-10-23 10:04:02 INFO  增加连线：工位2相机.料号1.距离验证,工位2相机.料号1.基准模板
2025-10-23 10:04:14 INFO  增加连线：工位2相机.料号1.夹角计算,工位2相机.料号1.距离验证
2025-10-23 10:04:30 INFO  删除模块：工位2相机.料号1.分支模块2
2025-10-23 10:04:31 INFO  增加连线：工位2相机.料号1.夹角计算,工位2相机.料号1.基准模板
2025-10-23 10:04:31 INFO  增加连线：工位2相机.料号1.夹角计算,工位2相机.料号1.距离验证
2025-10-23 10:04:44 INFO  删除连线：夹角计算, 基准模板
2025-10-23 10:04:52 INFO  模块启用：工位2相机.料号1.基准模板
2025-10-23 10:05:25 INFO  模块禁用：工位2相机.料号1.基准模板
2025-10-23 10:07:46 INFO  模块启用：工位2相机.料号1.基准模板
2025-10-23 10:08:11 INFO  模块禁用：工位2相机.料号1.基准模板
2025-10-23 10:09:50 INFO  增加连线：工位2相机.料号2.点点测量1,工位2相机.料号2.发送数据2
2025-10-23 10:09:57 INFO  增加连线：工位2相机.料号2.线线测量1,工位2相机.料号2.点点测量1
2025-10-23 10:10:00 INFO  删除模块：工位2相机.料号2.分支模块2
2025-10-23 10:10:00 INFO  增加连线：工位2相机.料号2.线线测量1,工位2相机.料号2.发送数据2
2025-10-23 10:10:00 INFO  增加连线：工位2相机.料号2.线线测量1,工位2相机.料号2.点点测量1
2025-10-23 10:10:08 INFO  删除连线：线线测量1, 发送数据2
2025-10-23 10:10:20 INFO  模块启用：工位2相机.料号2.发送数据2
2025-10-23 10:10:26 INFO  模块禁用：工位2相机.料号2.发送数据2
2025-10-23 10:11:12 INFO  模块启用：工位2相机.料号2.发送数据2
2025-10-23 10:11:33 INFO  模块禁用：工位2相机.料号2.发送数据2
2025-10-23 10:12:16 INFO  增加连线：工位2相机.料号3.点点测量1,工位2相机.料号3.发送数据2
2025-10-23 10:12:29 INFO  增加连线：工位2相机.料号3.线线测量1,工位2相机.料号3.点点测量1
2025-10-23 10:12:35 INFO  删除模块：工位2相机.料号3.分支模块2
2025-10-23 10:12:35 INFO  增加连线：工位2相机.料号3.线线测量1,工位2相机.料号3.发送数据2
2025-10-23 10:12:35 INFO  增加连线：工位2相机.料号3.线线测量1,工位2相机.料号3.点点测量1
2025-10-23 10:12:48 INFO  删除连线：线线测量1, 发送数据2
2025-10-23 10:13:03 INFO  模块启用：工位2相机.料号3.发送数据2
2025-10-23 10:13:13 INFO  模块禁用：工位2相机.料号3.发送数据2
2025-10-23 10:14:23 INFO  模块启用：工位2相机.料号3.发送数据2
2025-10-23 10:14:39 INFO  模块禁用：工位2相机.料号3.发送数据2
2025-10-23 10:15:56 INFO  删除流程：原工位1相机
2025-10-23 10:16:06 INFO  删除流程：工位2yuan
2025-10-23 11:08:11 INFO  添加模块：工位2相机.料号1.发送数据1
2025-10-23 11:08:11 INFO  增加连线：工位2相机.料号1.条件检测3,工位2相机.料号1.发送数据1
2025-10-23 11:08:11 INFO  增加连线：工位2相机.料号1.发送数据1,工位2相机.料号1.分支模块3
2025-10-23 11:17:45 INFO  模块重命名：条件检测5 修改为 偏差
2025-10-23 11:17:53 INFO  模块重命名：条件检测1 修改为 特征点
2025-10-23 11:18:06 INFO  模块重命名：条件检测4 修改为 半径
2025-10-23 11:18:23 INFO  模块重命名：条件检测2 修改为 总状态
2025-10-23 11:19:25 INFO  模块禁用：工位2相机.料号2.发送数据3
2025-10-23 11:19:45 INFO  添加模块：工位2相机.发送数据1
2025-10-23 11:19:45 INFO  增加连线：工位2相机.总数据,工位2相机.发送数据1
2025-10-23 11:19:45 INFO  增加连线：工位2相机.发送数据1,工位2相机.条件检测2
2025-10-23 11:19:59 INFO  模块重命名：发送数据1 修改为 清零
2025-10-23 11:20:10 INFO  粘贴
2025-10-23 11:20:14 INFO  增加连线：工位2相机.总数据,工位2相机.发送数据1
2025-10-23 11:20:16 INFO  增加连线：工位2相机.发送数据1,工位2相机.条件检测2
2025-10-23 11:20:23 INFO  删除模块：工位2相机.清零
2025-10-23 11:20:23 INFO  增加连线：工位2相机.总数据,工位2相机.条件检测2
2025-10-23 11:20:25 INFO  删除连线：总数据, 条件检测2
2025-10-23 11:21:01 INFO  模块重命名：发送数据1 修改为 清零
2025-10-23 11:21:10 INFO  粘贴
2025-10-23 11:21:14 INFO  增加连线：工位2相机.料号3.脚本2,工位2相机.料号3.发送数据5
2025-10-23 11:21:17 INFO  删除模块：工位2相机.料号3.发送数据1
2025-10-23 11:22:31 INFO  模块重命名：条件检测5 修改为 偏差
2025-10-23 11:22:45 INFO  模块重命名：条件检测1 修改为 特征点
2025-10-23 11:22:57 INFO  模块重命名：条件检测4 修改为 半径
2025-10-23 11:23:11 INFO  模块重命名：条件检测2 修改为 总状态
2025-10-23 11:24:33 INFO  模块禁用：工位2相机.料号3.发送数据3
2025-10-23 11:24:36 INFO  模块启用：工位2相机.料号3.发送数据3
2025-10-23 11:24:41 INFO  模块禁用：工位2相机.料号3.发送数据3
2025-10-23 11:27:30 INFO  模块重命名：条件检测3 修改为 总状态结果
2025-10-23 11:27:51 INFO  模块重命名：条件检测3 修改为 总状态结果
2025-10-23 11:28:51 INFO  模块重命名：条件检测3 修改为 总状态结果
2025-10-23 11:29:00 INFO  增加连线：工位2相机.料号1.总状态结果,工位2相机.料号1.分支模块3
2025-10-23 11:29:07 INFO  删除模块：工位2相机.料号1.发送数据1
2025-10-23 11:29:07 INFO  增加连线：工位2相机.料号1.总状态结果,工位2相机.料号1.分支模块3
2025-10-23 11:29:15 INFO  模块禁用：工位2相机.料号1.实际偏差
2025-10-23 11:55:50 INFO  模块启用：工位3相机.料号1.基准模板
2025-10-23 11:56:30 INFO  模块禁用：工位3相机.料号1.基准模板
2025-10-23 12:27:10 INFO  模块启用：工位3相机.料号1.基准模板
2025-10-23 12:27:18 INFO  模块禁用：工位3相机.料号1.基准模板
2025-10-23 12:29:52 INFO  模块启用：工位3相机.料号1.基准模板
2025-10-23 12:30:44 INFO  模块禁用：工位3相机.料号1.基准模板
2025-10-23 12:36:12 INFO  模块启用：工位3相机.料号2.发送数据2
2025-10-23 12:37:02 INFO  模块禁用：工位3相机.料号2.发送数据2
2025-10-23 12:41:16 INFO  模块启用：工位3相机.料号3.发送数据2
2025-10-23 12:41:55 INFO  模块禁用：工位3相机.料号3.发送数据2
2025-10-23 12:46:31 INFO  模块启用：工位3相机.料号1.基准模板
2025-10-23 13:03:39 INFO  模块禁用：工位3相机.料号1.基准模板
2025-10-23 13:10:15 INFO  增加连线：工位3相机.料号1.距离验证,工位3相机.料号1.基准模板
2025-10-23 13:10:23 INFO  删除连线：分支模块2, 基准模板
2025-10-23 13:10:27 INFO  增加连线：工位3相机.料号1.夹角计算,工位3相机.料号1.距离验证
2025-10-23 13:10:39 INFO  删除模块：工位3相机.料号1.分支模块2
2025-10-23 13:10:39 INFO  增加连线：工位3相机.料号1.夹角计算,工位3相机.料号1.距离验证
2025-10-23 13:10:45 INFO  模块启用：工位3相机.料号1.基准模板
2025-10-23 13:11:16 INFO  模块禁用：工位3相机.料号1.基准模板
2025-10-23 13:13:50 INFO  粘贴
2025-10-23 13:13:55 INFO  增加连线：工位3相机.料号2.脚本2,工位3相机.料号2.发送数据5
2025-10-23 13:14:01 INFO  删除模块：工位3相机.料号2.发送数据1
2025-10-23 13:15:06 INFO  模块重命名：条件检测3 修改为 总状态结果
2025-10-23 13:15:41 INFO  模块重命名：条件检测5 修改为 偏差
2025-10-23 13:15:48 INFO  模块重命名：条件检测1 修改为 特征
2025-10-23 13:16:02 INFO  模块重命名：条件检测4 修改为 半径
2025-10-23 13:16:16 INFO  模块重命名：条件检测2 修改为 总状态
2025-10-23 13:18:12 INFO  增加连线：工位3相机.料号2.点点测量1,工位3相机.料号2.发送数据2
2025-10-23 13:18:16 INFO  增加连线：工位3相机.料号2.线线测量1,工位3相机.料号2.点点测量1
2025-10-23 13:18:19 INFO  删除模块：工位3相机.料号2.分支模块2
2025-10-23 13:18:19 INFO  增加连线：工位3相机.料号2.线线测量1,工位3相机.料号2.发送数据2
2025-10-23 13:18:19 INFO  增加连线：工位3相机.料号2.线线测量1,工位3相机.料号2.点点测量1
2025-10-23 13:18:24 INFO  删除连线：线线测量1, 发送数据2
2025-10-23 13:18:31 INFO  模块启用：工位3相机.料号2.发送数据2
2025-10-23 13:19:04 INFO  模块禁用：工位3相机.料号2.发送数据2
2025-10-23 13:23:18 INFO  模块禁用：工位3相机.料号1.实际偏差
2025-10-23 13:23:48 INFO  模块禁用：工位3相机.料号2.发送数据3
2025-10-23 13:24:13 INFO  粘贴
2025-10-23 13:24:18 INFO  增加连线：工位3相机.料号3.脚本2,工位3相机.料号3.发送数据5
2025-10-23 13:24:27 INFO  删除模块：工位3相机.料号3.发送数据1
2025-10-23 13:25:18 INFO  模块重命名：条件检测5 修改为 偏差
2025-10-23 13:25:32 INFO  模块重命名：条件检测1 修改为 特征点
2025-10-23 13:25:43 INFO  模块重命名：条件检测4 修改为 半径
2025-10-23 13:25:57 INFO  模块重命名：条件检测2 修改为 总状态
2025-10-23 13:26:10 INFO  模块重命名：条件检测3 修改为 总状态结果
2025-10-23 13:28:34 INFO  增加连线：工位3相机.料号3.点点测量1,工位3相机.料号3.发送数据2
2025-10-23 13:28:39 INFO  增加连线：工位3相机.料号3.线线测量1,工位3相机.料号3.点点测量1
2025-10-23 13:28:42 INFO  删除模块：工位3相机.料号3.分支模块2
2025-10-23 13:28:42 INFO  增加连线：工位3相机.料号3.线线测量1,工位3相机.料号3.发送数据2
2025-10-23 13:28:42 INFO  增加连线：工位3相机.料号3.线线测量1,工位3相机.料号3.点点测量1
2025-10-23 13:28:46 INFO  删除连线：线线测量1, 发送数据2
2025-10-23 13:28:52 INFO  模块启用：工位3相机.料号3.发送数据2
2025-10-23 13:29:14 INFO  模块禁用：工位3相机.料号3.发送数据2
2025-10-23 13:31:58 INFO  模块禁用：工位3相机.料号1.发至全局变量
2025-10-23 13:32:02 INFO  模块启用：工位3相机.料号1.实际偏差
2025-10-23 13:46:03 INFO  模块启用：工位3相机.料号2.发送数据3
2025-10-23 13:52:35 INFO  模块启用：工位3相机.料号1.发至全局变量
