2025-10-18 11:57:03,775 DEBUG - Starting WinSW in the CLI mode
2025-10-18 11:57:03,988 INFO  - Installing the service with id 'AsZero.WebApi'
2025-10-18 11:57:04,005 DEBUG - Completed. Exit code is 0
2025-10-18 11:57:04,092 DEBUG - Starting WinSW in the CLI mode
2025-10-18 11:57:04,237 INFO  - Starting the service with id 'AsZero.WebApi'
2025-10-18 11:57:04,301 DEBUG - Starting WinSW in the service mode
2025-10-18 11:57:04,312 DEBUG - Completed. Exit code is 0
2025-10-18 11:57:04,317 INFO  - Starting AsZero.WebApi.exe 
2025-10-18 11:57:04,331 INFO  - Started process 22576
2025-10-18 11:57:04,336 DEBUG - Forwarding logs of the process System.Diagnostics.Process (AsZero.WebApi) to winsw.SizeBasedRollingLogAppender
2025-10-18 11:57:04,371 DEBUG - Starting WinSW in the CLI mode
2025-10-18 11:57:04,492 DEBUG - User requested the status of the process with id 'AsZero.WebApi'
2025-10-18 11:57:04,493 DEBUG - Completed. Exit code is 0
2025-10-18 13:15:22,296 DEBUG - Starting WinSW in the service mode
2025-10-18 13:15:22,421 INFO  - Starting AsZero.WebApi.exe 
2025-10-18 13:15:22,468 INFO  - Started process 6516
2025-10-18 13:15:22,468 DEBUG - Forwarding logs of the process System.Diagnostics.Process (AsZero.WebApi) to winsw.SizeBasedRollingLogAppender
2025-10-18 22:04:37,595 INFO  - Stopping AsZero.WebApi
2025-10-18 22:04:37,595 DEBUG - ProcessKill 6516
2025-10-18 22:04:37,626 WARN  - Failed to locate children of the process with PID=6516. Child processes won't be terminated
System.Runtime.InteropServices.COMException (0x8007045B): 系统正在关机。 (异常来自 HRESULT:0x8007045B)
   在 System.Runtime.InteropServices.Marshal.ThrowExceptionForHRInternal(Int32 errorCode, IntPtr errorInfo)
   在 System.Management.ManagementScope.InitializeGuts(Object o)
   在 System.Management.ManagementScope.Initialize()
   在 System.Management.ManagementObjectSearcher.Initialize()
   在 System.Management.ManagementObjectSearcher.Get()
   在 winsw.Util.ProcessHelper.GetChildPids(Int32 pid)
2025-10-18 22:04:37,641 INFO  - Stopping process 6516
2025-10-18 22:04:37,641 INFO  - Send SIGINT 6516
2025-10-18 22:04:37,704 INFO  - SIGINT to 6516 successful
2025-10-18 22:04:37,704 INFO  - Finished AsZero.WebApi
2025-10-18 22:04:37,704 DEBUG - Completed. Exit code is 0
2025-10-18 22:05:10,249 DEBUG - Starting WinSW in the service mode
2025-10-18 22:05:10,468 INFO  - Starting AsZero.WebApi.exe 
2025-10-18 22:05:10,499 INFO  - Started process 6684
2025-10-18 22:05:10,515 DEBUG - Forwarding logs of the process System.Diagnostics.Process (AsZero.WebApi) to winsw.SizeBasedRollingLogAppender
